c:\users\andre\source\repos\pet\pet\x64\debug\vc143.pdb
c:\users\andre\source\repos\pet\pet\x64\debug\vc143.idb
c:\users\andre\source\repos\pet\pet\x64\debug\sqlite3.obj
c:\users\andre\source\repos\pet\pet\x64\debug\select.obj
c:\users\andre\source\repos\pet\pet\x64\debug\menuuniversal.obj
c:\users\andre\source\repos\pet\pet\x64\debug\pet.obj
c:\users\andre\source\repos\pet\pet\x64\debug\add.obj
c:\users\andre\source\repos\pet\x64\debug\pet.exe
c:\users\andre\source\repos\pet\x64\debug\pet.pdb
c:\users\andre\source\repos\pet\pet\x64\debug\pet.res
c:\users\andre\source\repos\pet\pet\x64\debug\pet.ilk
c:\users\andre\source\repos\pet\pet\x64\debug\pet.tlog\cl.command.1.tlog
c:\users\andre\source\repos\pet\pet\x64\debug\pet.tlog\cl.items.tlog
c:\users\andre\source\repos\pet\pet\x64\debug\pet.tlog\cl.read.1.tlog
c:\users\andre\source\repos\pet\pet\x64\debug\pet.tlog\cl.write.1.tlog
c:\users\andre\source\repos\pet\pet\x64\debug\pet.tlog\link.command.1.tlog
c:\users\andre\source\repos\pet\pet\x64\debug\pet.tlog\link.read.1.tlog
c:\users\andre\source\repos\pet\pet\x64\debug\pet.tlog\link.secondary.1.tlog
c:\users\andre\source\repos\pet\pet\x64\debug\pet.tlog\link.write.1.tlog
c:\users\andre\source\repos\pet\pet\x64\debug\pet.tlog\rc.command.1.tlog
c:\users\andre\source\repos\pet\pet\x64\debug\pet.tlog\rc.read.1.tlog
c:\users\andre\source\repos\pet\pet\x64\debug\pet.tlog\rc.write.1.tlog
